TN:
SF:src\app.ts
FNF:0
FNH:0
DA:1,1
DA:2,1
DA:3,1
DA:4,1
DA:6,1
DA:8,1
DA:9,1
DA:11,1
DA:13,1
DA:15,1
LF:10
LH:10
BRF:0
BRH:0
end_of_record
TN:
SF:src\middleware\errorHandler.ts
FN:5,(anonymous_1)
FNF:1
FNH:1
FNDA:7,(anonymous_1)
DA:2,2
DA:3,2
DA:5,2
DA:6,7
DA:7,1
DA:11,1
DA:14,6
DA:15,1
DA:18,1
DA:21,5
DA:22,1
DA:26,1
DA:29,4
DA:30,1
DA:33,1
DA:36,3
DA:37,3
LF:17
LH:17
BRDA:6,0,0,1
BRDA:6,0,1,6
BRDA:14,1,0,1
BRDA:14,1,1,5
BRDA:21,2,0,1
BRDA:21,2,1,4
BRDA:29,3,0,1
BRDA:29,3,1,3
BRF:8
BRH:8
end_of_record
TN:
SF:src\middleware\validate.ts
FN:4,(anonymous_0)
FN:5,(anonymous_1)
FNF:2
FNH:2
FNDA:2,(anonymous_0)
FNDA:4,(anonymous_1)
DA:4,1
DA:5,2
DA:6,4
DA:7,4
DA:8,3
DA:10,1
LF:6
LH:6
BRF:0
BRH:0
end_of_record
TN:
SF:src\models\character.model.ts
FN:21,(anonymous_9)
FN:52,(anonymous_10)
FNF:2
FNH:2
FNDA:10,(anonymous_9)
FNDA:5,(anonymous_10)
DA:1,2
DA:13,2
DA:22,10
DA:52,2
DA:53,5
DA:54,5
DA:57,2
LF:7
LH:7
BRDA:53,0,0,4
BRDA:53,0,1,1
BRF:2
BRH:2
end_of_record
TN:
SF:src\routes\character.routes.ts
FN:8,(anonymous_0)
FN:17,(anonymous_1)
FN:33,(anonymous_2)
FN:46,(anonymous_3)
FN:55,(anonymous_4)
FN:68,(anonymous_5)
FNF:6
FNH:6
FNDA:1,(anonymous_0)
FNDA:2,(anonymous_1)
FNDA:3,(anonymous_2)
FNDA:1,(anonymous_3)
FNDA:2,(anonymous_4)
FNDA:2,(anonymous_5)
DA:1,1
DA:2,1
DA:3,1
DA:4,1
DA:6,1
DA:8,1
DA:9,1
DA:10,1
DA:11,0
DA:13,1
DA:17,1
DA:18,2
DA:19,2
DA:20,2
DA:21,2
DA:23,2
DA:24,2
DA:26,2
DA:27,1
DA:29,1
DA:33,1
DA:34,3
DA:35,3
DA:36,2
DA:37,1
DA:38,1
DA:40,1
DA:42,1
DA:46,1
DA:47,1
DA:48,1
DA:49,1
DA:51,0
DA:55,1
DA:56,2
DA:57,2
DA:58,2
DA:59,1
DA:60,1
DA:62,1
DA:64,0
DA:68,1
DA:69,2
DA:70,2
DA:71,2
DA:72,1
DA:73,1
DA:75,1
DA:77,0
DA:81,1
LF:50
LH:46
BRDA:23,0,0,1
BRDA:23,0,1,1
BRDA:24,1,0,1
BRDA:24,1,1,1
BRDA:36,2,0,1
BRDA:36,2,1,1
BRDA:58,3,0,1
BRDA:58,3,1,1
BRDA:71,4,0,1
BRDA:71,4,1,1
BRF:10
BRH:10
end_of_record
TN:
SF:src\schemas\character.schema.ts
FNF:0
FNH:0
DA:1,1
DA:3,1
DA:11,1
DA:13,1
LF:4
LH:4
BRF:0
BRH:0
end_of_record
TN:
SF:src\storage\character.storage.ts
FN:13,(anonymous_0)
FN:49,(anonymous_1)
FN:53,(anonymous_2)
FN:57,(anonymous_3)
FN:61,(anonymous_4)
FN:68,(anonymous_5)
FNF:6
FNH:5
FNDA:1,(anonymous_0)
FNDA:0,(anonymous_1)
FNDA:3,(anonymous_2)
FNDA:1,(anonymous_3)
FNDA:2,(anonymous_4)
FNDA:2,(anonymous_5)
DA:1,1
DA:12,1
DA:14,1
DA:16,1
DA:18,1
DA:19,1
DA:21,1
DA:22,0
DA:25,1
DA:26,1
DA:27,1
DA:29,1
DA:31,1
DA:36,1
DA:38,1
DA:50,0
DA:54,3
DA:58,1
DA:62,2
DA:69,2
DA:70,2
LF:21
LH:19
BRDA:14,0,0,1
BRDA:14,1,0,0
BRDA:14,2,0,0
BRDA:18,3,0,1
BRDA:18,3,1,0
BRDA:21,4,0,0
BRDA:21,4,1,1
BRDA:25,5,0,0
BRDA:25,5,1,1
BRDA:26,6,0,0
BRDA:26,6,1,1
BRF:11
BRH:5
end_of_record
TN:
SF:tests\setup.ts
FN:6,(anonymous_1)
FN:12,(anonymous_2)
FN:18,(anonymous_3)
FNF:3
FNH:3
FNDA:2,(anonymous_1)
FNDA:2,(anonymous_2)
FNDA:15,(anonymous_3)
DA:1,2
DA:2,2
DA:6,2
DA:7,2
DA:8,2
DA:9,2
DA:12,2
DA:13,2
DA:14,2
DA:15,2
DA:18,2
DA:19,15
DA:20,15
DA:21,15
LF:14
LH:14
BRF:0
BRH:0
end_of_record
